1) Optimal objective value / total profit: 11787641.37

1) Optimal objective value / total profit: 11787535.27

2) Optimal x-values: 

x [*] :=
SH001   0   SH094 308   SH187 117   SH280   0   SH373 416   SH466 440
SH002 448   SH095 422   SH188 244   SH281 310   SH374   0   SH467 129
SH003   0   SH096 452   SH189   0   SH282 415   SH375   0   SH468 145
SH004   0   SH097   0   SH190   0   SH283   0   SH376  21   SH469   3
SH005  34   SH098   0   SH191  81   SH284 463   SH377 144   SH470 379
SH006   1   SH099   0   SH192   1   SH285   0   SH378 419   SH471 393
SH007   0   SH100   0   SH193   0   SH286 435   SH379 250   SH472 287
SH008   0   SH101   0   SH194 307   SH287 410   SH380   1   SH473 193
SH009  27   SH102   1   SH195 241   SH288 165   SH381  25   SH474 278
SH010   2   SH103   0   SH196   0   SH289 431   SH382   0   SH475   0
SH011 432   SH104   0   SH197 435   SH290 126   SH383   0   SH476 411
SH012 290   SH105 418   SH198   0   SH291   0   SH384 502   SH477 420
SH013 425   SH106 200   SH199   1   SH292 137   SH385   1   SH478 354
SH014   0   SH107   4   SH200   0   SH293   0   SH386   0   SH479 488
SH015   0   SH108   0   SH201 476   SH294   1   SH387   0   SH480   1
SH016   4   SH109   1   SH202   1   SH295 403   SH388   0   SH481   0
SH017   0   SH110 417   SH203 498   SH296   3   SH389   1   SH482 117
SH018 247   SH111   0   SH204   0   SH297   1   SH390   0   SH483 434
SH019 202   SH112   2   SH205 141   SH298 110   SH391 133   SH484   1
SH020   0   SH113 454   SH206   0   SH299 407   SH392   0   SH485   1
SH021   0   SH114   0   SH207   0   SH300 422   SH393   0   SH486   0
SH022   0   SH115   0   SH208   0   SH301   0   SH394   3   SH487  84
SH023   0   SH116 203   SH209 435   SH302   0   SH395 450   SH488   0
SH024 400   SH117  27   SH210   1   SH303   1   SH396   0   SH489 441
SH025 404   SH118 291   SH211   1   SH304   1   SH397   0   SH490 534
SH026   0   SH119   1   SH212   0   SH305   2   SH398   0   SH491 183
SH027 434   SH120   0   SH213 436   SH306   0   SH399 442   SH492  39
SH028   1   SH121 508   SH214   0   SH307  79   SH400   1   SH493   0
SH029 408   SH122   1   SH215   1   SH308 264   SH401   0   SH494  65
SH030   1   SH123   0   SH216   1   SH309   0   SH402  43   SH495 141
SH031 305   SH124   0   SH217 203   SH310   0   SH403   0   SH496   1
SH032 488   SH125   0   SH218   0   SH311   0   SH404   2   SH497 450
SH033   0   SH126  75   SH219   0   SH312 473   SH405   0   SH498 234
SH034 371   SH127 385   SH220   0   SH313 482   SH406   0   SH499 103
SH035   1   SH128   0   SH221 468   SH314 389   SH407 437   SH500 424
SH036   1   SH129   0   SH222   5   SH315   0   SH408   0   SH501 420
SH037   0   SH130  94   SH223 409   SH316 170   SH409   0   SH502   0
SH038 478   SH131  62   SH224 442   SH317 322   SH410 261   SH503   0
SH039 389   SH132   0   SH225 402   SH318   1   SH411 403   SH504   0
SH040 427   SH133 137   SH226 418   SH319   0   SH412  85   SH505   0
SH041 339   SH134 487   SH227 254   SH320 461   SH413   0   SH506   1
SH042 216   SH135   0   SH228   0   SH321   1   SH414   0   SH507  96
SH043   0   SH136   2   SH229   2   SH322 290   SH415 435   SH508 420
SH044 442   SH137   1   SH230  74   SH323   0   SH416   0   SH509   0
SH045 376   SH138   0   SH231   0   SH324   0   SH417 482   SH510   0
SH046   0   SH139   1   SH232 423   SH325 474   SH418 340   SH511 396
SH047 410   SH140   0   SH233 448   SH326   1   SH419 296   SH512  25
SH048 293   SH141   0   SH234 405   SH327   0   SH420  91   SH513 327
SH049   0   SH142 398   SH235 470   SH328 196   SH421 416   SH514 396
SH050 437   SH143   0   SH236 491   SH329 398   SH422   0   SH515   5
SH051   0   SH144 446   SH237   0   SH330   0   SH423 420   SH516 424
SH052   0   SH145   2   SH238 399   SH331   0   SH424   1   SH517   0
SH053   0   SH146 488   SH239 116   SH332   0   SH425 458   SH518   0
SH054   0   SH147  62   SH240 108   SH333   0   SH426   2   SH519   0
SH055   0   SH148   0   SH241 418   SH334 383   SH427 476   SH520 121
SH056   0   SH149  88   SH242   0   SH335   5   SH428   0   SH521 231
SH057 202   SH150 424   SH243   0   SH336   0   SH429  29   SH522  52
SH058 432   SH151   0   SH244 238   SH337   0   SH430 430   SH523 137
SH059  12   SH152   0   SH245   0   SH338 106   SH431   0   SH524  96
SH060 192   SH153 132   SH246   0   SH339   0   SH432   0   SH525 154
SH061 161   SH154 437   SH247 422   SH340 440   SH433   0   SH526   0
SH062 456   SH155   1   SH248  78   SH341 429   SH434   0   SH527 257
SH063 446   SH156   2   SH249 404   SH342 296   SH435 251   SH528   1
SH064  22   SH157   1   SH250   2   SH343  28   SH436   0   SH529   0
SH065 368   SH158   0   SH251   0   SH344   0   SH437   1   SH530   0
SH066   0   SH159   0   SH252   0   SH345 319   SH438  97   SH531   0
SH067   0   SH160  20   SH253 381   SH346   0   SH439   0   SH532 475
SH068   0   SH161   0   SH254 479   SH347 173   SH440   0   SH533   0
SH069   0   SH162   0   SH255 206   SH348 488   SH441   0   SH534 401
SH070   0   SH163   0   SH256 434   SH349  40   SH442   0   SH535 440
SH071 337   SH164   0   SH257   0   SH350   0   SH443   2   SH536  30
SH072   2   SH165 460   SH258   2   SH351   0   SH444 177   SH537 272
SH073 348   SH166   0   SH259   0   SH352 396   SH445 461   SH538   1
SH074   1   SH167   0   SH260   6   SH353   2   SH446   0   SH539   1
SH075   0   SH168 375   SH261 406   SH354   0   SH447 458   SH540 168
SH076  66   SH169   0   SH262 411   SH355   0   SH448   0   SH541   5
SH077 175   SH170   0   SH263   0   SH356 186   SH449 209   SH542   0
SH078 402   SH171   0   SH264   1   SH357   0   SH450   1   SH543 329
SH079 193   SH172  86   SH265 413   SH358   0   SH451 455   SH544   0
SH080 409   SH173 308   SH266   6   SH359  21   SH452   4   SH545   0
SH081 162   SH174   0   SH267   0   SH360   0   SH453 470   SH546 278
SH082 291   SH175   1   SH268   0   SH361 417   SH454   0   SH547   2
SH083   1   SH176 450   SH269 429   SH362 419   SH455   0   SH548   0
SH084   0   SH177   0   SH270  74   SH363   1   SH456 425   SH549  62
SH085   0   SH178 140   SH271   1   SH364   0   SH457 255   SH550   0
SH086   0   SH179 117   SH272   2   SH365 257   SH458 218   SH551   4
SH087 428   SH180   0   SH273 265   SH366 199   SH459 263   SH552 184
SH088 423   SH181   0   SH274 114   SH367 451   SH460   0   SH553   0
SH089   1   SH182   0   SH275   0   SH368   0   SH461   0   SH554   1
SH090 473   SH183  13   SH276 281   SH369 378   SH462 177   SH555   0
SH091   0   SH184 105   SH277 422   SH370   0   SH463   0   SH556 422
SH092   0   SH185 374   SH278   0   SH371   0   SH464 402   SH557 469
SH093 283   SH186  59   SH279  22   SH372 276   SH465 270
;

1) Optimal objective value / total profit: 11787641.37

2) Optimal x-values: 

x [*] :=
SH001   0   SH094 308   SH187 117   SH280   0   SH373 416   SH466 440
SH002 448   SH095 422   SH188 244   SH281 310   SH374   0   SH467 129
SH003   0   SH096 452   SH189   0   SH282 415   SH375   0   SH468 145
SH004   0   SH097   0   SH190   0   SH283   0   SH376  21   SH469   3
SH005  34   SH098   0   SH191  81   SH284 463   SH377 144   SH470 379
SH006   1   SH099   0   SH192   1   SH285   0   SH378 419   SH471 393
SH007   0   SH100   0   SH193   0   SH286 435   SH379 250   SH472 287
SH008   0   SH101   0   SH194 307   SH287 410   SH380   1   SH473 193
SH009  27   SH102   1   SH195 241   SH288 165   SH381  25   SH474 278
SH010   2   SH103   0   SH196   0   SH289 431   SH382   0   SH475   0
SH011 432   SH104   0   SH197 435   SH290 126   SH383   0   SH476 411
SH012 290   SH105 418   SH198   0   SH291   0   SH384 502   SH477 420
SH013 425   SH106 200   SH199   1   SH292 137   SH385   1   SH478 354
SH014   0   SH107   4   SH200   0   SH293   0   SH386   0   SH479 488
SH015   0   SH108   0   SH201 476   SH294   1   SH387   0   SH480   1
SH016   4   SH109   1   SH202   1   SH295 403   SH388   0   SH481   0
SH017   0   SH110 417   SH203 498   SH296   3   SH389   1   SH482 117
SH018 247   SH111   0   SH204   0   SH297   1   SH390   0   SH483 434
SH019 202   SH112   2   SH205 141   SH298 110   SH391 133   SH484   1
SH020   0   SH113 454   SH206   0   SH299 407   SH392   0   SH485   1
SH021   0   SH114   0   SH207   0   SH300 422   SH393   0   SH486   0
SH022   0   SH115   0   SH208   0   SH301   0   SH394   3   SH487  84
SH023   0   SH116 203   SH209 435   SH302   0   SH395 450   SH488   0
SH024 400   SH117  27   SH210   1   SH303   1   SH396   0   SH489 441
SH025 404   SH118 291   SH211   2   SH304   1   SH397   0   SH490 534
SH026   0   SH119   1   SH212   0   SH305   2   SH398   0   SH491 183
SH027 434   SH120   0   SH213 436   SH306   0   SH399 442   SH492  39
SH028   1   SH121 508   SH214   0   SH307  79   SH400   1   SH493   0
SH029 408   SH122   1   SH215   1   SH308 264   SH401   0   SH494  65
SH030   1   SH123   0   SH216   1   SH309   0   SH402  43   SH495 141
SH031 305   SH124   0   SH217 203   SH310   0   SH403   0   SH496   1
SH032 488   SH125   0   SH218   0   SH311   0   SH404   2   SH497 450
SH033   0   SH126  75   SH219   0   SH312 473   SH405   0   SH498 234
SH034 371   SH127 385   SH220   0   SH313 482   SH406   0   SH499 103
SH035   1   SH128   0   SH221 468   SH314 389   SH407 436   SH500 424
SH036   1   SH129   0   SH222   5   SH315   0   SH408   0   SH501 420
SH037   0   SH130  94   SH223 409   SH316 170   SH409   0   SH502   0
SH038 478   SH131  62   SH224 442   SH317 322   SH410 261   SH503   0
SH039 389   SH132   0   SH225 402   SH318   1   SH411 403   SH504   0
SH040 427   SH133 137   SH226 418   SH319   0   SH412  85   SH505   0
SH041 339   SH134 487   SH227 254   SH320 461   SH413   0   SH506   1
SH042 216   SH135   0   SH228   0   SH321   1   SH414   0   SH507  96
SH043   0   SH136   2   SH229   2   SH322 290   SH415 435   SH508 420
SH044 442   SH137   1   SH230  74   SH323   0   SH416   0   SH509   0
SH045 376   SH138   0   SH231   0   SH324   0   SH417 482   SH510   0
SH046   0   SH139   1   SH232 423   SH325 473   SH418 340   SH511 396
SH047 410   SH140   0   SH233 448   SH326   1   SH419 296   SH512  25
SH048 293   SH141   0   SH234 405   SH327   0   SH420  91   SH513 327
SH049   0   SH142 398   SH235 470   SH328 196   SH421 416   SH514 396
SH050 437   SH143   0   SH236 491   SH329 398   SH422   0   SH515   5
SH051   0   SH144 445   SH237   0   SH330   0   SH423 420   SH516 424
SH052   0   SH145   2   SH238 399   SH331   0   SH424   1   SH517   0
SH053   0   SH146 488   SH239 116   SH332   0   SH425 458   SH518   0
SH054   0   SH147  62   SH240 108   SH333   0   SH426   2   SH519   0
SH055   0   SH148   0   SH241 418   SH334 383   SH427 476   SH520 121
SH056   0   SH149  88   SH242   0   SH335   5   SH428   0   SH521 231
SH057 202   SH150 424   SH243   0   SH336   0   SH429  29   SH522  52
SH058 432   SH151   0   SH244 238   SH337   0   SH430 430   SH523 137
SH059  12   SH152   0   SH245   0   SH338 106   SH431   0   SH524  96
SH060 192   SH153 132   SH246   0   SH339   0   SH432   0   SH525 154
SH061 160   SH154 437   SH247 422   SH340 440   SH433   0   SH526   0
SH062 456   SH155   1   SH248  78   SH341 429   SH434   0   SH527 257
SH063 446   SH156   2   SH249 404   SH342 296   SH435 251   SH528   1
SH064  22   SH157   1   SH250   2   SH343  28   SH436   0   SH529   0
SH065 368   SH158   0   SH251   0   SH344   0   SH437   1   SH530   0
SH066   0   SH159   0   SH252   0   SH345 319   SH438  97   SH531   0
SH067   0   SH160  20   SH253 381   SH346   0   SH439   0   SH532 475
SH068   0   SH161   0   SH254 479   SH347 173   SH440   0   SH533   0
SH069   0   SH162   0   SH255 206   SH348 488   SH441   0   SH534 401
SH070   0   SH163   0   SH256 434   SH349  40   SH442   0   SH535 440
SH071 337   SH164   0   SH257   0   SH350   0   SH443   2   SH536  30
SH072   2   SH165 460   SH258   2   SH351   0   SH444 177   SH537 272
SH073 348   SH166   0   SH259   0   SH352 396   SH445 461   SH538   1
SH074   1   SH167   0   SH260   6   SH353   2   SH446   0   SH539   1
SH075   0   SH168 375   SH261 406   SH354   0   SH447 458   SH540 168
SH076  66   SH169   0   SH262 411   SH355   1   SH448   0   SH541   5
SH077 175   SH170   0   SH263   0   SH356 187   SH449 209   SH542   0
SH078 402   SH171   0   SH264   1   SH357   0   SH450   1   SH543 329
SH079 193   SH172  86   SH265 413   SH358   0   SH451 455   SH544   0
SH080 409   SH173 308   SH266   6   SH359  21   SH452   4   SH545   0
SH081 162   SH174   0   SH267   0   SH360   0   SH453 470   SH546 278
SH082 291   SH175   1   SH268   0   SH361 417   SH454   0   SH547   2
SH083   1   SH176 450   SH269 429   SH362 419   SH455   0   SH548   0
SH084   0   SH177   0   SH270  74   SH363   1   SH456 425   SH549  62
SH085   0   SH178 140   SH271   1   SH364   0   SH457 255   SH550   0
SH086   0   SH179 117   SH272   2   SH365 257   SH458 218   SH551   4
SH087 428   SH180   0   SH273 265   SH366 199   SH459 263   SH552 184
SH088 423   SH181   0   SH274 114   SH367 451   SH460   0   SH553   0
SH089   1   SH182   0   SH275   0   SH368   0   SH461   0   SH554   1
SH090 473   SH183  13   SH276 281   SH369 378   SH462 177   SH555   0
SH091   0   SH184 105   SH277 422   SH370   0   SH463   0   SH556 423
SH092   0   SH185 374   SH278   0   SH371   0   SH464 402   SH557 469
SH093 283   SH186  59   SH279  22   SH372 276   SH465 270
;

1) Optimal objective value / total profit: 11787620.49

2) Optimal x-values: 

x [*] :=
SH001   0   SH094 308   SH187 117   SH280   0   SH373 416   SH466 440
SH002 448   SH095 422   SH188 244   SH281 310   SH374   0   SH467 129
SH003   0   SH096 452   SH189   0   SH282 415   SH375   0   SH468 145
SH004   0   SH097   0   SH190   0   SH283   0   SH376  21   SH469   3
SH005  34   SH098   0   SH191  81   SH284 463   SH377 144   SH470 379
SH006   1   SH099   0   SH192   1   SH285   0   SH378 419   SH471 393
SH007   0   SH100   0   SH193   0   SH286 435   SH379 250   SH472 287
SH008   0   SH101   0   SH194 307   SH287 410   SH380   1   SH473 193
SH009  27   SH102   1   SH195 241   SH288 165   SH381  25   SH474 278
SH010   2   SH103   0   SH196   0   SH289 431   SH382   0   SH475   0
SH011 432   SH104   0   SH197 435   SH290 126   SH383   0   SH476 411
SH012 290   SH105 418   SH198   0   SH291   0   SH384 502   SH477 420
SH013 425   SH106 200   SH199   1   SH292 137   SH385   1   SH478 354
SH014   0   SH107   4   SH200   0   SH293   0   SH386   0   SH479 488
SH015   0   SH108   0   SH201 476   SH294   1   SH387   0   SH480   1
SH016   4   SH109   1   SH202   1   SH295 403   SH388   0   SH481   0
SH017   0   SH110 417   SH203 498   SH296   3   SH389   1   SH482 117
SH018 247   SH111   0   SH204   0   SH297   1   SH390   0   SH483 434
SH019 202   SH112   2   SH205 141   SH298 110   SH391 133   SH484   1
SH020   0   SH113 454   SH206   0   SH299 407   SH392   0   SH485   1
SH021   0   SH114   0   SH207   0   SH300 422   SH393   0   SH486   0
SH022   0   SH115   0   SH208   0   SH301   0   SH394   3   SH487  84
SH023   0   SH116 203   SH209 435   SH302   0   SH395 450   SH488   0
SH024 400   SH117  27   SH210   1   SH303   1   SH396   0   SH489 441
SH025 404   SH118 291   SH211   2   SH304   1   SH397   0   SH490 534
SH026   0   SH119   1   SH212   0   SH305   2   SH398   0   SH491 183
SH027 434   SH120   0   SH213 436   SH306   0   SH399 442   SH492  39
SH028   1   SH121 508   SH214   0   SH307  79   SH400   1   SH493   0
SH029 408   SH122   1   SH215   1   SH308 264   SH401   0   SH494  65
SH030   1   SH123   0   SH216   1   SH309   0   SH402  43   SH495 141
SH031 305   SH124   0   SH217 203   SH310   0   SH403   0   SH496   1
SH032 488   SH125   0   SH218   0   SH311   0   SH404   2   SH497 450
SH033   0   SH126  75   SH219   0   SH312 473   SH405   0   SH498 234
SH034 371   SH127 385   SH220   0   SH313 482   SH406   0   SH499 103
SH035   1   SH128   0   SH221 468   SH314 389   SH407 436   SH500 424
SH036   1   SH129   0   SH222   5   SH315   0   SH408   0   SH501 420
SH037   0   SH130  94   SH223 409   SH316 170   SH409   0   SH502   0
SH038 478   SH131  62   SH224 442   SH317 322   SH410 261   SH503   0
SH039 389   SH132   0   SH225 402   SH318   1   SH411 403   SH504   0
SH040 427   SH133 137   SH226 418   SH319   0   SH412  85   SH505   0
SH041 339   SH134 487   SH227 254   SH320 461   SH413   0   SH506   1
SH042 216   SH135   0   SH228   0   SH321   1   SH414   0   SH507  96
SH043   0   SH136   2   SH229   2   SH322 290   SH415 435   SH508 420
SH044 442   SH137   1   SH230  74   SH323   0   SH416   0   SH509   0
SH045 376   SH138   0   SH231   0   SH324   0   SH417 482   SH510   0
SH046   0   SH139   1   SH232 423   SH325 474   SH418 340   SH511 396
SH047 410   SH140   0   SH233 448   SH326   1   SH419 296   SH512  25
SH048 293   SH141   0   SH234 405   SH327   0   SH420  91   SH513 327
SH049   0   SH142 398   SH235 470   SH328 196   SH421 416   SH514 396
SH050 437   SH143   0   SH236 491   SH329 398   SH422   0   SH515   5
SH051   0   SH144 445   SH237   0   SH330   0   SH423 420   SH516 424
SH052   0   SH145   2   SH238 399   SH331   0   SH424   1   SH517   0
SH053   0   SH146 488   SH239 116   SH332   0   SH425 458   SH518   0
SH054   0   SH147  62   SH240 108   SH333   0   SH426   2   SH519   0
SH055   0   SH148   0   SH241 418   SH334 383   SH427 476   SH520 121
SH056   0   SH149  88   SH242   0   SH335   5   SH428   0   SH521 231
SH057 202   SH150 424   SH243   0   SH336   0   SH429  29   SH522  52
SH058 432   SH151   0   SH244 237   SH337   0   SH430 430   SH523 137
SH059  12   SH152   0   SH245   0   SH338 106   SH431   0   SH524  96
SH060 192   SH153 132   SH246   0   SH339   0   SH432   0   SH525 154
SH061 160   SH154 437   SH247 422   SH340 440   SH433   0   SH526   0
SH062 456   SH155   1   SH248  78   SH341 429   SH434   0   SH527 257
SH063 446   SH156   2   SH249 404   SH342 296   SH435 251   SH528   1
SH064  22   SH157   1   SH250   2   SH343  28   SH436   0   SH529   0
SH065 368   SH158   0   SH251   0   SH344   0   SH437   1   SH530   0
SH066   0   SH159   0   SH252   0   SH345 319   SH438  97   SH531   0
SH067   0   SH160  20   SH253 381   SH346   0   SH439   0   SH532 475
SH068   0   SH161   0   SH254 479   SH347 173   SH440   0   SH533   0
SH069   0   SH162   0   SH255 206   SH348 488   SH441   0   SH534 401
SH070   0   SH163   0   SH256 434   SH349  40   SH442   0   SH535 440
SH071 337   SH164   0   SH257   0   SH350   0   SH443   2   SH536  30
SH072   2   SH165 460   SH258   2   SH351   0   SH444 177   SH537 272
SH073 348   SH166   0   SH259   0   SH352 396   SH445 461   SH538   1
SH074   1   SH167   0   SH260   6   SH353   2   SH446   0   SH539   1
SH075   0   SH168 375   SH261 406   SH354   0   SH447 458   SH540 168
SH076  66   SH169   0   SH262 411   SH355   1   SH448   0   SH541   5
SH077 175   SH170   0   SH263   0   SH356 187   SH449 209   SH542   0
SH078 402   SH171   0   SH264   1   SH357   0   SH450   1   SH543 329
SH079 193   SH172  86   SH265 413   SH358   0   SH451 455   SH544   0
SH080 409   SH173 308   SH266   6   SH359  21   SH452   4   SH545   0
SH081 162   SH174   0   SH267   0   SH360   0   SH453 470   SH546 278
SH082 291   SH175   1   SH268   0   SH361 417   SH454   0   SH547   2
SH083   1   SH176 450   SH269 429   SH362 419   SH455   0   SH548   0
SH084   0   SH177   0   SH270  74   SH363   1   SH456 425   SH549  62
SH085   0   SH178 140   SH271   1   SH364   0   SH457 255   SH550   0
SH086   0   SH179 117   SH272   2   SH365 257   SH458 218   SH551   4
SH087 428   SH180   0   SH273 265   SH366 199   SH459 263   SH552 184
SH088 423   SH181   0   SH274 114   SH367 451   SH460   0   SH553   0
SH089   1   SH182   0   SH275   0   SH368   0   SH461   0   SH554   1
SH090 473   SH183  13   SH276 281   SH369 378   SH462 177   SH555   0
SH091   0   SH184 105   SH277 422   SH370   0   SH463   0   SH556 423
SH092   0   SH185 374   SH278   0   SH371   0   SH464 402   SH557 469
SH093 283   SH186  59   SH279  22   SH372 276   SH465 270
;

1) Optimal objective value / total profit: 11787641.37

2) Optimal x-values: 

x [*] :=
SH001   0   SH094 308   SH187 117   SH280   0   SH373 416   SH466 440
SH002 448   SH095 422   SH188 244   SH281 310   SH374   0   SH467 129
SH003   0   SH096 452   SH189   0   SH282 415   SH375   0   SH468 145
SH004   0   SH097   0   SH190   0   SH283   0   SH376  21   SH469   3
SH005  34   SH098   0   SH191  81   SH284 463   SH377 144   SH470 379
SH006   1   SH099   0   SH192   1   SH285   0   SH378 419   SH471 393
SH007   0   SH100   0   SH193   0   SH286 435   SH379 250   SH472 287
SH008   0   SH101   0   SH194 307   SH287 410   SH380   1   SH473 193
SH009  27   SH102   1   SH195 241   SH288 165   SH381  25   SH474 278
SH010   2   SH103   0   SH196   0   SH289 431   SH382   0   SH475   0
SH011 432   SH104   0   SH197 435   SH290 126   SH383   0   SH476 411
SH012 290   SH105 418   SH198   0   SH291   0   SH384 502   SH477 420
SH013 425   SH106 200   SH199   1   SH292 137   SH385   1   SH478 354
SH014   0   SH107   4   SH200   0   SH293   0   SH386   0   SH479 488
SH015   0   SH108   0   SH201 476   SH294   1   SH387   0   SH480   1
SH016   4   SH109   1   SH202   1   SH295 403   SH388   0   SH481   0
SH017   0   SH110 417   SH203 498   SH296   3   SH389   1   SH482 117
SH018 247   SH111   0   SH204   0   SH297   1   SH390   0   SH483 434
SH019 202   SH112   2   SH205 141   SH298 110   SH391 133   SH484   1
SH020   0   SH113 454   SH206   0   SH299 407   SH392   0   SH485   1
SH021   0   SH114   0   SH207   0   SH300 422   SH393   0   SH486   0
SH022   0   SH115   0   SH208   0   SH301   0   SH394   3   SH487  84
SH023   0   SH116 203   SH209 435   SH302   0   SH395 450   SH488   0
SH024 400   SH117  27   SH210   1   SH303   1   SH396   0   SH489 441
SH025 404   SH118 291   SH211   2   SH304   1   SH397   0   SH490 534
SH026   0   SH119   1   SH212   0   SH305   2   SH398   0   SH491 183
SH027 434   SH120   0   SH213 436   SH306   0   SH399 442   SH492  39
SH028   1   SH121 508   SH214   0   SH307  79   SH400   1   SH493   0
SH029 408   SH122   1   SH215   1   SH308 264   SH401   0   SH494  65
SH030   1   SH123   0   SH216   1   SH309   0   SH402  43   SH495 141
SH031 305   SH124   0   SH217 203   SH310   0   SH403   0   SH496   1
SH032 488   SH125   0   SH218   0   SH311   0   SH404   2   SH497 450
SH033   0   SH126  75   SH219   0   SH312 473   SH405   0   SH498 234
SH034 371   SH127 385   SH220   0   SH313 482   SH406   0   SH499 103
SH035   1   SH128   0   SH221 468   SH314 389   SH407 436   SH500 424
SH036   1   SH129   0   SH222   5   SH315   0   SH408   0   SH501 420
SH037   0   SH130  94   SH223 409   SH316 170   SH409   0   SH502   0
SH038 478   SH131  62   SH224 442   SH317 322   SH410 261   SH503   0
SH039 389   SH132   0   SH225 402   SH318   1   SH411 403   SH504   0
SH040 427   SH133 137   SH226 418   SH319   0   SH412  85   SH505   0
SH041 339   SH134 487   SH227 254   SH320 461   SH413   0   SH506   1
SH042 216   SH135   0   SH228   0   SH321   1   SH414   0   SH507  96
SH043   0   SH136   2   SH229   2   SH322 290   SH415 435   SH508 420
SH044 442   SH137   1   SH230  74   SH323   0   SH416   0   SH509   0
SH045 376   SH138   0   SH231   0   SH324   0   SH417 482   SH510   0
SH046   0   SH139   1   SH232 423   SH325 473   SH418 340   SH511 396
SH047 410   SH140   0   SH233 448   SH326   1   SH419 296   SH512  25
SH048 293   SH141   0   SH234 405   SH327   0   SH420  91   SH513 327
SH049   0   SH142 398   SH235 470   SH328 196   SH421 416   SH514 396
SH050 437   SH143   0   SH236 491   SH329 398   SH422   0   SH515   5
SH051   0   SH144 445   SH237   0   SH330   0   SH423 420   SH516 424
SH052   0   SH145   2   SH238 399   SH331   0   SH424   1   SH517   0
SH053   0   SH146 488   SH239 116   SH332   0   SH425 458   SH518   0
SH054   0   SH147  62   SH240 108   SH333   0   SH426   2   SH519   0
SH055   0   SH148   0   SH241 418   SH334 383   SH427 476   SH520 121
SH056   0   SH149  88   SH242   0   SH335   5   SH428   0   SH521 231
SH057 202   SH150 424   SH243   0   SH336   0   SH429  29   SH522  52
SH058 432   SH151   0   SH244 238   SH337   0   SH430 430   SH523 137
SH059  12   SH152   0   SH245   0   SH338 106   SH431   0   SH524  96
SH060 192   SH153 132   SH246   0   SH339   0   SH432   0   SH525 154
SH061 160   SH154 437   SH247 422   SH340 440   SH433   0   SH526   0
SH062 456   SH155   1   SH248  78   SH341 429   SH434   0   SH527 257
SH063 446   SH156   2   SH249 404   SH342 296   SH435 251   SH528   1
SH064  22   SH157   1   SH250   2   SH343  28   SH436   0   SH529   0
SH065 368   SH158   0   SH251   0   SH344   0   SH437   1   SH530   0
SH066   0   SH159   0   SH252   0   SH345 319   SH438  97   SH531   0
SH067   0   SH160  20   SH253 381   SH346   0   SH439   0   SH532 475
SH068   0   SH161   0   SH254 479   SH347 173   SH440   0   SH533   0
SH069   0   SH162   0   SH255 206   SH348 488   SH441   0   SH534 401
SH070   0   SH163   0   SH256 434   SH349  40   SH442   0   SH535 440
SH071 337   SH164   0   SH257   0   SH350   0   SH443   2   SH536  30
SH072   2   SH165 460   SH258   2   SH351   0   SH444 177   SH537 272
SH073 348   SH166   0   SH259   0   SH352 396   SH445 461   SH538   1
SH074   1   SH167   0   SH260   6   SH353   2   SH446   0   SH539   1
SH075   0   SH168 375   SH261 406   SH354   0   SH447 458   SH540 168
SH076  66   SH169   0   SH262 411   SH355   1   SH448   0   SH541   5
SH077 175   SH170   0   SH263   0   SH356 187   SH449 209   SH542   0
SH078 402   SH171   0   SH264   1   SH357   0   SH450   1   SH543 329
SH079 193   SH172  86   SH265 413   SH358   0   SH451 455   SH544   0
SH080 409   SH173 308   SH266   6   SH359  21   SH452   4   SH545   0
SH081 162   SH174   0   SH267   0   SH360   0   SH453 470   SH546 278
SH082 291   SH175   1   SH268   0   SH361 417   SH454   0   SH547   2
SH083   1   SH176 450   SH269 429   SH362 419   SH455   0   SH548   0
SH084   0   SH177   0   SH270  74   SH363   1   SH456 425   SH549  62
SH085   0   SH178 140   SH271   1   SH364   0   SH457 255   SH550   0
SH086   0   SH179 117   SH272   2   SH365 257   SH458 218   SH551   4
SH087 428   SH180   0   SH273 265   SH366 199   SH459 263   SH552 184
SH088 423   SH181   0   SH274 114   SH367 451   SH460   0   SH553   0
SH089   1   SH182   0   SH275   0   SH368   0   SH461   0   SH554   1
SH090 473   SH183  13   SH276 281   SH369 378   SH462 177   SH555   0
SH091   0   SH184 105   SH277 422   SH370   0   SH463   0   SH556 423
SH092   0   SH185 374   SH278   0   SH371   0   SH464 402   SH557 469
SH093 283   SH186  59   SH279  22   SH372 276   SH465 270
;

1) Optimal objective value / total profit: 11787641.37

2) Optimal x-values: 

x [*] :=
SH001   0   SH094 308   SH187 117   SH280   0   SH373 416   SH466 440
SH002 448   SH095 422   SH188 244   SH281 310   SH374   0   SH467 129
SH003   0   SH096 452   SH189   0   SH282 415   SH375   0   SH468 145
SH004   0   SH097   0   SH190   0   SH283   0   SH376  21   SH469   3
SH005  34   SH098   0   SH191  81   SH284 463   SH377 144   SH470 379
SH006   1   SH099   0   SH192   1   SH285   0   SH378 419   SH471 393
SH007   0   SH100   0   SH193   0   SH286 435   SH379 250   SH472 287
SH008   0   SH101   0   SH194 307   SH287 410   SH380   1   SH473 193
SH009  27   SH102   1   SH195 241   SH288 165   SH381  25   SH474 278
SH010   2   SH103   0   SH196   0   SH289 431   SH382   0   SH475   0
SH011 432   SH104   0   SH197 435   SH290 126   SH383   0   SH476 411
SH012 290   SH105 418   SH198   0   SH291   0   SH384 502   SH477 420
SH013 425   SH106 200   SH199   1   SH292 137   SH385   1   SH478 354
SH014   0   SH107   4   SH200   0   SH293   0   SH386   0   SH479 488
SH015   0   SH108   0   SH201 476   SH294   1   SH387   0   SH480   1
SH016   4   SH109   1   SH202   1   SH295 403   SH388   0   SH481   0
SH017   0   SH110 417   SH203 498   SH296   3   SH389   1   SH482 117
SH018 247   SH111   0   SH204   0   SH297   1   SH390   0   SH483 434
SH019 202   SH112   2   SH205 141   SH298 110   SH391 133   SH484   1
SH020   0   SH113 454   SH206   0   SH299 407   SH392   0   SH485   1
SH021   0   SH114   0   SH207   0   SH300 422   SH393   0   SH486   0
SH022   0   SH115   0   SH208   0   SH301   0   SH394   3   SH487  84
SH023   0   SH116 203   SH209 435   SH302   0   SH395 450   SH488   0
SH024 400   SH117  27   SH210   1   SH303   1   SH396   0   SH489 441
SH025 404   SH118 291   SH211   2   SH304   1   SH397   0   SH490 534
SH026   0   SH119   1   SH212   0   SH305   2   SH398   0   SH491 183
SH027 434   SH120   0   SH213 436   SH306   0   SH399 442   SH492  39
SH028   1   SH121 508   SH214   0   SH307  79   SH400   1   SH493   0
SH029 408   SH122   1   SH215   1   SH308 264   SH401   0   SH494  65
SH030   1   SH123   0   SH216   1   SH309   0   SH402  43   SH495 141
SH031 305   SH124   0   SH217 203   SH310   0   SH403   0   SH496   1
SH032 488   SH125   0   SH218   0   SH311   0   SH404   2   SH497 450
SH033   0   SH126  75   SH219   0   SH312 473   SH405   0   SH498 234
SH034 371   SH127 385   SH220   0   SH313 482   SH406   0   SH499 103
SH035   1   SH128   0   SH221 468   SH314 389   SH407 436   SH500 424
SH036   1   SH129   0   SH222   5   SH315   0   SH408   0   SH501 420
SH037   0   SH130  94   SH223 409   SH316 170   SH409   0   SH502   0
SH038 478   SH131  62   SH224 442   SH317 322   SH410 261   SH503   0
SH039 389   SH132   0   SH225 402   SH318   1   SH411 403   SH504   0
SH040 427   SH133 137   SH226 418   SH319   0   SH412  85   SH505   0
SH041 339   SH134 487   SH227 254   SH320 461   SH413   0   SH506   1
SH042 216   SH135   0   SH228   0   SH321   1   SH414   0   SH507  96
SH043   0   SH136   2   SH229   2   SH322 290   SH415 435   SH508 420
SH044 442   SH137   1   SH230  74   SH323   0   SH416   0   SH509   0
SH045 376   SH138   0   SH231   0   SH324   0   SH417 482   SH510   0
SH046   0   SH139   1   SH232 423   SH325 473   SH418 340   SH511 396
SH047 410   SH140   0   SH233 448   SH326   1   SH419 296   SH512  25
SH048 293   SH141   0   SH234 405   SH327   0   SH420  91   SH513 327
SH049   0   SH142 398   SH235 470   SH328 196   SH421 416   SH514 396
SH050 437   SH143   0   SH236 491   SH329 398   SH422   0   SH515   5
SH051   0   SH144 445   SH237   0   SH330   0   SH423 420   SH516 424
SH052   0   SH145   2   SH238 399   SH331   0   SH424   1   SH517   0
SH053   0   SH146 488   SH239 116   SH332   0   SH425 458   SH518   0
SH054   0   SH147  62   SH240 108   SH333   0   SH426   2   SH519   0
SH055   0   SH148   0   SH241 418   SH334 383   SH427 476   SH520 121
SH056   0   SH149  88   SH242   0   SH335   5   SH428   0   SH521 231
SH057 202   SH150 424   SH243   0   SH336   0   SH429  29   SH522  52
SH058 432   SH151   0   SH244 238   SH337   0   SH430 430   SH523 137
SH059  12   SH152   0   SH245   0   SH338 106   SH431   0   SH524  96
SH060 192   SH153 132   SH246   0   SH339   0   SH432   0   SH525 154
SH061 160   SH154 437   SH247 422   SH340 440   SH433   0   SH526   0
SH062 456   SH155   1   SH248  78   SH341 429   SH434   0   SH527 257
SH063 446   SH156   2   SH249 404   SH342 296   SH435 251   SH528   1
SH064  22   SH157   1   SH250   2   SH343  28   SH436   0   SH529   0
SH065 368   SH158   0   SH251   0   SH344   0   SH437   1   SH530   0
SH066   0   SH159   0   SH252   0   SH345 319   SH438  97   SH531   0
SH067   0   SH160  20   SH253 381   SH346   0   SH439   0   SH532 475
SH068   0   SH161   0   SH254 479   SH347 173   SH440   0   SH533   0
SH069   0   SH162   0   SH255 206   SH348 488   SH441   0   SH534 401
SH070   0   SH163   0   SH256 434   SH349  40   SH442   0   SH535 440
SH071 337   SH164   0   SH257   0   SH350   0   SH443   2   SH536  30
SH072   2   SH165 460   SH258   2   SH351   0   SH444 177   SH537 272
SH073 348   SH166   0   SH259   0   SH352 396   SH445 461   SH538   1
SH074   1   SH167   0   SH260   6   SH353   2   SH446   0   SH539   1
SH075   0   SH168 375   SH261 406   SH354   0   SH447 458   SH540 168
SH076  66   SH169   0   SH262 411   SH355   1   SH448   0   SH541   5
SH077 175   SH170   0   SH263   0   SH356 187   SH449 209   SH542   0
SH078 402   SH171   0   SH264   1   SH357   0   SH450   1   SH543 329
SH079 193   SH172  86   SH265 413   SH358   0   SH451 455   SH544   0
SH080 409   SH173 308   SH266   6   SH359  21   SH452   4   SH545   0
SH081 162   SH174   0   SH267   0   SH360   0   SH453 470   SH546 278
SH082 291   SH175   1   SH268   0   SH361 417   SH454   0   SH547   2
SH083   1   SH176 450   SH269 429   SH362 419   SH455   0   SH548   0
SH084   0   SH177   0   SH270  74   SH363   1   SH456 425   SH549  62
SH085   0   SH178 140   SH271   1   SH364   0   SH457 255   SH550   0
SH086   0   SH179 117   SH272   2   SH365 257   SH458 218   SH551   4
SH087 428   SH180   0   SH273 265   SH366 199   SH459 263   SH552 184
SH088 423   SH181   0   SH274 114   SH367 451   SH460   0   SH553   0
SH089   1   SH182   0   SH275   0   SH368   0   SH461   0   SH554   1
SH090 473   SH183  13   SH276 281   SH369 378   SH462 177   SH555   0
SH091   0   SH184 105   SH277 422   SH370   0   SH463   0   SH556 423
SH092   0   SH185 374   SH278   0   SH371   0   SH464 402   SH557 469
SH093 283   SH186  59   SH279  22   SH372 276   SH465 270
;

1) Optimal objective value / total profit: 11706569.38

2) Optimal x-values: 

x [*] :=
SH001   0   SH094 308   SH187 117   SH280   1   SH373 414   SH466 440
SH002 448   SH095 422   SH188 247   SH281 306   SH374   0   SH467 125
SH003   1   SH096 452   SH189   1   SH282 415   SH375   1   SH468 142
SH004   0   SH097   0   SH190   0   SH283   0   SH376  23   SH469   0
SH005  34   SH098   0   SH191  80   SH284 462   SH377 147   SH470 382
SH006   0   SH099   0   SH192   0   SH285   0   SH378 421   SH471 393
SH007   0   SH100   0   SH193   0   SH286 436   SH379 253   SH472 291
SH008   1   SH101   0   SH194 307   SH287 409   SH380   1   SH473 189
SH009  27   SH102   0   SH195 242   SH288 164   SH381  19   SH474 281
SH010   0   SH103   0   SH196   0   SH289 430   SH382   0   SH475   0
SH011 432   SH104   0   SH197 437   SH290 130   SH383   0   SH476 415
SH012 289   SH105 418   SH198   0   SH291   1   SH384 504   SH477 422
SH013 424   SH106 201   SH199   0   SH292 138   SH385   0   SH478 352
SH014   0   SH107   3   SH200   0   SH293   0   SH386   0   SH479 488
SH015   1   SH108   1   SH201 476   SH294   0   SH387   1   SH480   0
SH016   0   SH109   0   SH202   1   SH295 403   SH388   3   SH481   1
SH017   0   SH110 417   SH203 500   SH296   0   SH389   1   SH482 117
SH018 248   SH111   0   SH204   0   SH297   1   SH390   0   SH483 433
SH019 198   SH112   1   SH205 140   SH298 110   SH391 129   SH484   0
SH020   1   SH113 454   SH206   0   SH299 407   SH392   0   SH485   0
SH021   1   SH114   0   SH207   1   SH300 427   SH393   1   SH486   0
SH022   0   SH115   0   SH208   0   SH301   1   SH394   0   SH487  83
SH023   0   SH116 202   SH209 435   SH302   0   SH395 453   SH488   0
SH024 400   SH117  24   SH210   0   SH303   0   SH396   0   SH489 441
SH025 402   SH118 295   SH211   0   SH304   1   SH397   0   SH490 533
SH026   0   SH119   0   SH212   0   SH305   0   SH398   0   SH491 181
SH027 434   SH120   2   SH213 436   SH306   0   SH399 442   SH492  39
SH028   0   SH121 507   SH214   0   SH307  79   SH400   0   SH493   0
SH029 409   SH122   0   SH215   0   SH308 266   SH401   0   SH494  65
SH030   0   SH123   1   SH216   0   SH309   0   SH402  43   SH495 139
SH031 305   SH124   1   SH217 204   SH310   0   SH403   0   SH496   0
SH032 490   SH125   0   SH218   0   SH311   0   SH404   0   SH497   1
SH033   0   SH126  77   SH219   0   SH312 473   SH405   1   SH498 234
SH034 372   SH127 385   SH220   0   SH313 483   SH406   0   SH499 106
SH035   0   SH128   0   SH221 468   SH314 391   SH407 437   SH500 425
SH036   0   SH129   0   SH222   2   SH315   0   SH408   0   SH501 420
SH037   0   SH130  93   SH223 409   SH316 168   SH409   0   SH502   0
SH038 478   SH131  65   SH224 442   SH317 321   SH410 263   SH503   0
SH039 389   SH132   0   SH225 404   SH318   0   SH411 402   SH504   0
SH040 432   SH133 135   SH226 418   SH319   1   SH412  87   SH505   0
SH041 340   SH134 489   SH227 257   SH320 462   SH413   0   SH506   0
SH042 217   SH135   0   SH228   1   SH321   0   SH414   0   SH507  95
SH043   0   SH136   0   SH229   0   SH322 289   SH415 436   SH508 415
SH044 441   SH137   1   SH230  72   SH323   0   SH416   0   SH509   0
SH045 377   SH138   0   SH231   0   SH324   0   SH417 482   SH510   0
SH046   0   SH139   0   SH232 422   SH325 475   SH418 343   SH511 397
SH047 410   SH140   0   SH233 447   SH326   1   SH419 294   SH512  29
SH048 294   SH141   0   SH234 405   SH327   0   SH420  89   SH513 325
SH049   0   SH142 398   SH235 469   SH328 192   SH421 416   SH514 396
SH050 437   SH143   0   SH236 490   SH329 400   SH422   0   SH515   0
SH051   0   SH144 447   SH237   0   SH330   0   SH423 420   SH516 425
SH052   0   SH145   0   SH238 398   SH331   0   SH424   0   SH517   1
SH053   1   SH146 489   SH239 112   SH332   0   SH425 458   SH518   0
SH054   1   SH147  65   SH240 106   SH333   0   SH426   0   SH519   0
SH055   0   SH148   0   SH241 418   SH334 386   SH427 477   SH520 122
SH056   0   SH149  86   SH242   0   SH335   0   SH428   0   SH521 232
SH057 205   SH150 425   SH243   0   SH336   1   SH429  27   SH522  54
SH058 431   SH151   0   SH244 240   SH337   0   SH430 430   SH523 134
SH059  12   SH152   0   SH245   0   SH338 109   SH431   0   SH524  96
SH060 192   SH153 131   SH246   0   SH339   0   SH432   0   SH525 154
SH061 166   SH154 437   SH247 422   SH340 438   SH433   0   SH526   0
SH062 457   SH155   1   SH248  79   SH341 429   SH434   0   SH527 257
SH063 446   SH156   0   SH249 405   SH342 296   SH435 247   SH528   0
SH064  20   SH157   0   SH250   0   SH343  30   SH436   0   SH529   0
SH065 368   SH158   0   SH251   0   SH344   0   SH437   0   SH530   0
SH066   0   SH159   0   SH252   0   SH345 318   SH438  98   SH531   1
SH067   0   SH160  23   SH253 381   SH346   1   SH439   0   SH532 475
SH068   0   SH161   0   SH254 478   SH347 174   SH440   0   SH533   0
SH069   0   SH162   0   SH255 205   SH348 487   SH441   0   SH534 406
SH070   0   SH163   0   SH256 433   SH349  39   SH442   0   SH535 440
SH071 335   SH164   0   SH257   0   SH350   0   SH443   0   SH536  29
SH072   2   SH165 460   SH258   0   SH351   1   SH444 176   SH537 275
SH073 347   SH166   0   SH259   0   SH352 396   SH445 462   SH538   0
SH074   1   SH167   0   SH260   4   SH353   1   SH446   0   SH539   0
SH075   1   SH168 377   SH261 409   SH354   0   SH447 458   SH540 172
SH076  66   SH169   0   SH262 411   SH355   0   SH448   0   SH541   6
SH077 176   SH170   0   SH263   0   SH356 187   SH449 209   SH542   0
SH078 407   SH171   0   SH264   0   SH357   0   SH450   1   SH543 330
SH079 191   SH172  86   SH265 413   SH358   0   SH451 454   SH544   0
SH080 409   SH173 308   SH266   0   SH359  21   SH452   0   SH545   1
SH081 163   SH174   0   SH267   0   SH360   0   SH453 470   SH546 279
SH082 291   SH175   0   SH268   0   SH361 416   SH454   0   SH547   0
SH083   0   SH176 450   SH269 429   SH362 419   SH455   0   SH548   0
SH084   0   SH177   0   SH270  76   SH363   0   SH456 430   SH549  61
SH085   0   SH178 136   SH271   0   SH364   0   SH457 254   SH550   0
SH086   0   SH179 110   SH272   1   SH365 255   SH458 219   SH551   0
SH087 430   SH180   0   SH273 266   SH366 197   SH459 266   SH552 182
SH088 423   SH181   0   SH274 119   SH367 452   SH460   0   SH553   0
SH089   0   SH182   0   SH275   0   SH368   0   SH461   0   SH554   0
SH090 473   SH183  11   SH276 281   SH369 378   SH462 182   SH555   0
SH091   0   SH184 104   SH277 422   SH370   0   SH463   0   SH556 421
SH092   0   SH185 372   SH278   0   SH371   0   SH464 291   SH557 470
SH093 285   SH186  68   SH279  19   SH372 277   SH465 270
;

1) Optimal objective value / total profit: 11706569.38

2) Optimal x-values: 

x [*] :=
SH001   0   SH094 308   SH187 117   SH280   1   SH373 414   SH466 440
SH002 448   SH095 422   SH188 247   SH281 306   SH374   0   SH467 125
SH003   1   SH096 452   SH189   1   SH282 415   SH375   1   SH468 142
SH004   0   SH097   0   SH190   0   SH283   0   SH376  23   SH469   0
SH005  34   SH098   0   SH191  80   SH284 462   SH377 147   SH470 382
SH006   0   SH099   0   SH192   0   SH285   0   SH378 421   SH471 393
SH007   0   SH100   0   SH193   0   SH286 436   SH379 253   SH472 291
SH008   1   SH101   0   SH194 307   SH287 409   SH380   1   SH473 189
SH009  27   SH102   0   SH195 242   SH288 164   SH381  19   SH474 281
SH010   0   SH103   0   SH196   0   SH289 430   SH382   0   SH475   0
SH011 432   SH104   0   SH197 437   SH290 130   SH383   0   SH476 415
SH012 289   SH105 418   SH198   0   SH291   1   SH384 504   SH477 422
SH013 424   SH106 201   SH199   0   SH292 138   SH385   0   SH478 352
SH014   0   SH107   3   SH200   0   SH293   0   SH386   0   SH479 488
SH015   1   SH108   1   SH201 476   SH294   0   SH387   1   SH480   0
SH016   0   SH109   0   SH202   1   SH295 403   SH388   3   SH481   1
SH017   0   SH110 417   SH203 500   SH296   0   SH389   1   SH482 117
SH018 248   SH111   0   SH204   0   SH297   1   SH390   0   SH483 433
SH019 198   SH112   1   SH205 140   SH298 110   SH391 129   SH484   0
SH020   1   SH113 454   SH206   0   SH299 407   SH392   0   SH485   0
SH021   1   SH114   0   SH207   1   SH300 427   SH393   1   SH486   0
SH022   0   SH115   0   SH208   0   SH301   1   SH394   0   SH487  83
SH023   0   SH116 202   SH209 435   SH302   0   SH395 453   SH488   0
SH024 400   SH117  24   SH210   0   SH303   0   SH396   0   SH489 441
SH025 402   SH118 295   SH211   0   SH304   1   SH397   0   SH490 533
SH026   0   SH119   0   SH212   0   SH305   0   SH398   0   SH491 181
SH027 434   SH120   2   SH213 436   SH306   0   SH399 442   SH492  39
SH028   0   SH121 507   SH214   0   SH307  79   SH400   0   SH493   0
SH029 409   SH122   0   SH215   0   SH308 266   SH401   0   SH494  65
SH030   0   SH123   1   SH216   0   SH309   0   SH402  43   SH495 139
SH031 305   SH124   1   SH217 204   SH310   0   SH403   0   SH496   0
SH032 490   SH125   0   SH218   0   SH311   0   SH404   0   SH497   1
SH033   0   SH126  77   SH219   0   SH312 473   SH405   1   SH498 234
SH034 372   SH127 385   SH220   0   SH313 483   SH406   0   SH499 106
SH035   0   SH128   0   SH221 468   SH314 391   SH407 437   SH500 425
SH036   0   SH129   0   SH222   2   SH315   0   SH408   0   SH501 420
SH037   0   SH130  93   SH223 409   SH316 168   SH409   0   SH502   0
SH038 478   SH131  65   SH224 442   SH317 321   SH410 263   SH503   0
SH039 389   SH132   0   SH225 404   SH318   0   SH411 402   SH504   0
SH040 432   SH133 135   SH226 418   SH319   1   SH412  87   SH505   0
SH041 340   SH134 489   SH227 257   SH320 462   SH413   0   SH506   0
SH042 217   SH135   0   SH228   1   SH321   0   SH414   0   SH507  95
SH043   0   SH136   0   SH229   0   SH322 289   SH415 436   SH508 415
SH044 441   SH137   1   SH230  72   SH323   0   SH416   0   SH509   0
SH045 377   SH138   0   SH231   0   SH324   0   SH417 482   SH510   0
SH046   0   SH139   0   SH232 422   SH325 475   SH418 343   SH511 397
SH047 410   SH140   0   SH233 447   SH326   1   SH419 294   SH512  29
SH048 294   SH141   0   SH234 405   SH327   0   SH420  89   SH513 325
SH049   0   SH142 398   SH235 469   SH328 192   SH421 416   SH514 396
SH050 437   SH143   0   SH236 490   SH329 400   SH422   0   SH515   0
SH051   0   SH144 447   SH237   0   SH330   0   SH423 420   SH516 425
SH052   0   SH145   0   SH238 398   SH331   0   SH424   0   SH517   1
SH053   1   SH146 489   SH239 112   SH332   0   SH425 458   SH518   0
SH054   1   SH147  65   SH240 106   SH333   0   SH426   0   SH519   0
SH055   0   SH148   0   SH241 418   SH334 386   SH427 477   SH520 122
SH056   0   SH149  86   SH242   0   SH335   0   SH428   0   SH521 232
SH057 205   SH150 425   SH243   0   SH336   1   SH429  27   SH522  54
SH058 431   SH151   0   SH244 240   SH337   0   SH430 430   SH523 134
SH059  12   SH152   0   SH245   0   SH338 109   SH431   0   SH524  96
SH060 192   SH153 131   SH246   0   SH339   0   SH432   0   SH525 154
SH061 166   SH154 437   SH247 422   SH340 438   SH433   0   SH526   0
SH062 457   SH155   1   SH248  79   SH341 429   SH434   0   SH527 257
SH063 446   SH156   0   SH249 405   SH342 296   SH435 247   SH528   0
SH064  20   SH157   0   SH250   0   SH343  30   SH436   0   SH529   0
SH065 368   SH158   0   SH251   0   SH344   0   SH437   0   SH530   0
SH066   0   SH159   0   SH252   0   SH345 318   SH438  98   SH531   1
SH067   0   SH160  23   SH253 381   SH346   1   SH439   0   SH532 475
SH068   0   SH161   0   SH254 478   SH347 174   SH440   0   SH533   0
SH069   0   SH162   0   SH255 205   SH348 487   SH441   0   SH534 406
SH070   0   SH163   0   SH256 433   SH349  39   SH442   0   SH535 440
SH071 335   SH164   0   SH257   0   SH350   0   SH443   0   SH536  29
SH072   2   SH165 460   SH258   0   SH351   1   SH444 176   SH537 275
SH073 347   SH166   0   SH259   0   SH352 396   SH445 462   SH538   0
SH074   1   SH167   0   SH260   4   SH353   1   SH446   0   SH539   0
SH075   1   SH168 377   SH261 409   SH354   0   SH447 458   SH540 172
SH076  66   SH169   0   SH262 411   SH355   0   SH448   0   SH541   6
SH077 176   SH170   0   SH263   0   SH356 187   SH449 209   SH542   0
SH078 407   SH171   0   SH264   0   SH357   0   SH450   1   SH543 330
SH079 191   SH172  86   SH265 413   SH358   0   SH451 454   SH544   0
SH080 409   SH173 308   SH266   0   SH359  21   SH452   0   SH545   1
SH081 163   SH174   0   SH267   0   SH360   0   SH453 470   SH546 279
SH082 291   SH175   0   SH268   0   SH361 416   SH454   0   SH547   0
SH083   0   SH176 450   SH269 429   SH362 419   SH455   0   SH548   0
SH084   0   SH177   0   SH270  76   SH363   0   SH456 430   SH549  61
SH085   0   SH178 136   SH271   0   SH364   0   SH457 254   SH550   0
SH086   0   SH179 110   SH272   1   SH365 255   SH458 219   SH551   0
SH087 430   SH180   0   SH273 266   SH366 197   SH459 266   SH552 182
SH088 423   SH181   0   SH274 119   SH367 452   SH460   0   SH553   0
SH089   0   SH182   0   SH275   0   SH368   0   SH461   0   SH554   0
SH090 473   SH183  11   SH276 281   SH369 378   SH462 182   SH555   0
SH091   0   SH184 104   SH277 422   SH370   0   SH463   0   SH556 421
SH092   0   SH185 372   SH278   0   SH371   0   SH464 291   SH557 470
SH093 285   SH186  68   SH279  19   SH372 277   SH465 270
;

1) Optimal objective value / total profit: 11787641.37

2) Optimal x-values: 

x [*] :=
SH001   0   SH094 308   SH187 117   SH280   0   SH373 416   SH466 440
SH002 448   SH095 422   SH188 244   SH281 310   SH374   0   SH467 129
SH003   0   SH096 452   SH189   0   SH282 415   SH375   0   SH468 145
SH004   0   SH097   0   SH190   0   SH283   0   SH376  21   SH469   3
SH005  34   SH098   0   SH191  81   SH284 463   SH377 144   SH470 379
SH006   1   SH099   0   SH192   1   SH285   0   SH378 419   SH471 393
SH007   0   SH100   0   SH193   0   SH286 435   SH379 250   SH472 287
SH008   0   SH101   0   SH194 307   SH287 410   SH380   1   SH473 193
SH009  27   SH102   1   SH195 241   SH288 165   SH381  25   SH474 278
SH010   2   SH103   0   SH196   0   SH289 431   SH382   0   SH475   0
SH011 432   SH104   0   SH197 435   SH290 126   SH383   0   SH476 411
SH012 290   SH105 418   SH198   0   SH291   0   SH384 502   SH477 420
SH013 425   SH106 200   SH199   1   SH292 137   SH385   1   SH478 354
SH014   0   SH107   4   SH200   0   SH293   0   SH386   0   SH479 488
SH015   0   SH108   0   SH201 476   SH294   1   SH387   0   SH480   1
SH016   4   SH109   1   SH202   1   SH295 403   SH388   0   SH481   0
SH017   0   SH110 417   SH203 498   SH296   3   SH389   1   SH482 117
SH018 247   SH111   0   SH204   0   SH297   1   SH390   0   SH483 434
SH019 202   SH112   2   SH205 141   SH298 110   SH391 133   SH484   1
SH020   0   SH113 454   SH206   0   SH299 407   SH392   0   SH485   1
SH021   0   SH114   0   SH207   0   SH300 422   SH393   0   SH486   0
SH022   0   SH115   0   SH208   0   SH301   0   SH394   3   SH487  84
SH023   0   SH116 203   SH209 435   SH302   0   SH395 450   SH488   0
SH024 400   SH117  27   SH210   1   SH303   1   SH396   0   SH489 441
SH025 404   SH118 291   SH211   2   SH304   1   SH397   0   SH490 534
SH026   0   SH119   1   SH212   0   SH305   2   SH398   0   SH491 183
SH027 434   SH120   0   SH213 436   SH306   0   SH399 442   SH492  39
SH028   1   SH121 508   SH214   0   SH307  79   SH400   1   SH493   0
SH029 408   SH122   1   SH215   1   SH308 264   SH401   0   SH494  65
SH030   1   SH123   0   SH216   1   SH309   0   SH402  43   SH495 141
SH031 305   SH124   0   SH217 203   SH310   0   SH403   0   SH496   1
SH032 488   SH125   0   SH218   0   SH311   0   SH404   2   SH497 450
SH033   0   SH126  75   SH219   0   SH312 473   SH405   0   SH498 234
SH034 371   SH127 385   SH220   0   SH313 482   SH406   0   SH499 103
SH035   1   SH128   0   SH221 468   SH314 389   SH407 436   SH500 424
SH036   1   SH129   0   SH222   5   SH315   0   SH408   0   SH501 420
SH037   0   SH130  94   SH223 409   SH316 170   SH409   0   SH502   0
SH038 478   SH131  62   SH224 442   SH317 322   SH410 261   SH503   0
SH039 389   SH132   0   SH225 402   SH318   1   SH411 403   SH504   0
SH040 427   SH133 137   SH226 418   SH319   0   SH412  85   SH505   0
SH041 339   SH134 487   SH227 254   SH320 461   SH413   0   SH506   1
SH042 216   SH135   0   SH228   0   SH321   1   SH414   0   SH507  96
SH043   0   SH136   2   SH229   2   SH322 290   SH415 435   SH508 420
SH044 442   SH137   1   SH230  74   SH323   0   SH416   0   SH509   0
SH045 376   SH138   0   SH231   0   SH324   0   SH417 482   SH510   0
SH046   0   SH139   1   SH232 423   SH325 473   SH418 340   SH511 396
SH047 410   SH140   0   SH233 448   SH326   1   SH419 296   SH512  25
SH048 293   SH141   0   SH234 405   SH327   0   SH420  91   SH513 327
SH049   0   SH142 398   SH235 470   SH328 196   SH421 416   SH514 396
SH050 437   SH143   0   SH236 491   SH329 398   SH422   0   SH515   5
SH051   0   SH144 445   SH237   0   SH330   0   SH423 420   SH516 424
SH052   0   SH145   2   SH238 399   SH331   0   SH424   1   SH517   0
SH053   0   SH146 488   SH239 116   SH332   0   SH425 458   SH518   0
SH054   0   SH147  62   SH240 108   SH333   0   SH426   2   SH519   0
SH055   0   SH148   0   SH241 418   SH334 383   SH427 476   SH520 121
SH056   0   SH149  88   SH242   0   SH335   5   SH428   0   SH521 231
SH057 202   SH150 424   SH243   0   SH336   0   SH429  29   SH522  52
SH058 432   SH151   0   SH244 238   SH337   0   SH430 430   SH523 137
SH059  12   SH152   0   SH245   0   SH338 106   SH431   0   SH524  96
SH060 192   SH153 132   SH246   0   SH339   0   SH432   0   SH525 154
SH061 160   SH154 437   SH247 422   SH340 440   SH433   0   SH526   0
SH062 456   SH155   1   SH248  78   SH341 429   SH434   0   SH527 257
SH063 446   SH156   2   SH249 404   SH342 296   SH435 251   SH528   1
SH064  22   SH157   1   SH250   2   SH343  28   SH436   0   SH529   0
SH065 368   SH158   0   SH251   0   SH344   0   SH437   1   SH530   0
SH066   0   SH159   0   SH252   0   SH345 319   SH438  97   SH531   0
SH067   0   SH160  20   SH253 381   SH346   0   SH439   0   SH532 475
SH068   0   SH161   0   SH254 479   SH347 173   SH440   0   SH533   0
SH069   0   SH162   0   SH255 206   SH348 488   SH441   0   SH534 401
SH070   0   SH163   0   SH256 434   SH349  40   SH442   0   SH535 440
SH071 337   SH164   0   SH257   0   SH350   0   SH443   2   SH536  30
SH072   2   SH165 460   SH258   2   SH351   0   SH444 177   SH537 272
SH073 348   SH166   0   SH259   0   SH352 396   SH445 461   SH538   1
SH074   1   SH167   0   SH260   6   SH353   2   SH446   0   SH539   1
SH075   0   SH168 375   SH261 406   SH354   0   SH447 458   SH540 168
SH076  66   SH169   0   SH262 411   SH355   1   SH448   0   SH541   5
SH077 175   SH170   0   SH263   0   SH356 187   SH449 209   SH542   0
SH078 402   SH171   0   SH264   1   SH357   0   SH450   1   SH543 329
SH079 193   SH172  86   SH265 413   SH358   0   SH451 455   SH544   0
SH080 409   SH173 308   SH266   6   SH359  21   SH452   4   SH545   0
SH081 162   SH174   0   SH267   0   SH360   0   SH453 470   SH546 278
SH082 291   SH175   1   SH268   0   SH361 417   SH454   0   SH547   2
SH083   1   SH176 450   SH269 429   SH362 419   SH455   0   SH548   0
SH084   0   SH177   0   SH270  74   SH363   1   SH456 425   SH549  62
SH085   0   SH178 140   SH271   1   SH364   0   SH457 255   SH550   0
SH086   0   SH179 117   SH272   2   SH365 257   SH458 218   SH551   4
SH087 428   SH180   0   SH273 265   SH366 199   SH459 263   SH552 184
SH088 423   SH181   0   SH274 114   SH367 451   SH460   0   SH553   0
SH089   1   SH182   0   SH275   0   SH368   0   SH461   0   SH554   1
SH090 473   SH183  13   SH276 281   SH369 378   SH462 177   SH555   0
SH091   0   SH184 105   SH277 422   SH370   0   SH463   0   SH556 423
SH092   0   SH185 374   SH278   0   SH371   0   SH464 402   SH557 469
SH093 283   SH186  59   SH279  22   SH372 276   SH465 270
;

1) Optimal objective value / total profit: 11789734.80

2) Optimal x-values: 

x [*] :=
SH001   0          SH141   0          SH281 307.907      SH421 416.571
SH002 448.857      SH142 398.857      SH282 415.143      SH422   0
SH003   0          SH143   0          SH283   0          SH423 419.017
SH004   0          SH144 448.857      SH284 460.889      SH424   0
SH005  33.1429     SH145   0          SH285   0          SH425 458.571
SH006   0          SH146 489.143      SH286 436.548      SH426   0
SH007   0          SH147  68.4137     SH287 410.286      SH427 477.429
SH008   0          SH148   0          SH288 162.086      SH428   0
SH009  27          SH149  88.383      SH289 429.829      SH429  27.3735
SH010   0          SH150 425.429      SH290 129.57       SH430 430
SH011 433.429      SH151   0          SH291   0          SH431   0
SH012 289.045      SH152   0          SH292 136.365      SH432   0
SH013 425.429      SH153 129.82       SH293   0          SH433   0
SH014   0          SH154 437.143      SH294   0          SH434   0
SH015   0          SH155   0          SH295 403.429      SH435 245.975
SH016   0          SH156   0          SH296   0          SH436   0
SH017   0          SH157   0          SH297   0          SH437   0
SH018 247.219      SH158   0          SH298 110.829      SH438  96.8
SH019 200.088      SH159   0          SH299 408.014      SH439   0
SH020   0          SH160  21          SH300 427.429      SH440   0
SH021   0          SH161   0          SH301   0          SH441   0
SH022   0          SH162   0          SH302   0          SH442   0
SH023   0          SH163   0          SH303   0          SH443   0
SH024 399.379      SH164   0          SH304   0          SH444 175.467
SH025 404.286      SH165 460          SH305   0          SH445 462.857
SH026   0          SH166   0          SH306   0          SH446   0
SH027 434          SH167   0          SH307  81.2943     SH447 458.857
SH028   0          SH168 379.926      SH308 266.427      SH448   0
SH029 410.216      SH169   0          SH309   0          SH449 209.982
SH030   0          SH170   0          SH310   0          SH450   0
SH031 305.622      SH171   0          SH311   0          SH451 455.429
SH032 490.857      SH172  82.3521     SH312 476.857      SH452   0
SH033   0          SH173 308.491      SH313 483.429      SH453 470.857
SH034 372.571      SH174   0          SH314 391.143      SH454   0
SH035   0          SH175   0          SH315   0          SH455   0.515306
SH036   0          SH176 450.286      SH316 168.419      SH456 430
SH037   0          SH177   0          SH317 316.143      SH457 252.964
SH038 478.571      SH178 139.775      SH318   0          SH458 218.811
SH039 389.429      SH179 107.645      SH319   0          SH459 265.488
SH040 432.857      SH180   0          SH320 462.286      SH460   0
SH041 338.738      SH181   0          SH321   0          SH461   0
SH042 215.137      SH182   0          SH322 290.699      SH462 181.706
SH043   0          SH183  10.7182     SH323   0          SH463   0
SH044 442.286      SH184 105.163      SH324   0          SH464 403.218
SH045 374.306      SH185 370.617      SH325 475.143      SH465 270.282
SH046   0          SH186  68.0572     SH326   0          SH466 440.857
SH047 410.571      SH187 114.793      SH327   0          SH467 126.223
SH048 292.214      SH188 246.232      SH328 194.248      SH468 141.204
SH049   0          SH189   0          SH329 400          SH469   0
SH050 437.429      SH190   0          SH330   0          SH470 379.233
SH051   0          SH191  80.6177     SH331   0          SH471 394.489
SH052   0          SH192   0          SH332   0          SH472 292.349
SH053   0          SH193   0          SH333   0          SH473 194.343
SH054   0          SH194 303.543      SH334 386.571      SH474 281.762
SH055   0          SH195 243.066      SH335   0          SH475   0
SH056   0          SH196   0          SH336   0          SH476 416.857
SH057 204.81       SH197 437.429      SH337   0          SH477 422.571
SH058 432          SH198   0          SH338 109.157      SH478 354.294
SH059   7.67893    SH199   0          SH339   0          SH479 488.286
SH060 191.181      SH200   0          SH340 439.435      SH480   0
SH061 167.912      SH201 476.286      SH341 429.429      SH481   0
SH062 458.286      SH202   0          SH342 299.33       SH482 112.234
SH063 446          SH203 500.571      SH343  30.1097     SH483 434.571
SH064  18.2534     SH204   0          SH344   0          SH484   0
SH065 369.039      SH205 144.365      SH345 317.786      SH485   0
SH066   0          SH206   0          SH346   0          SH486   0
SH067   0          SH207   0          SH347 176.703      SH487  83.1042
SH068   0          SH208   0          SH348 488.857      SH488   0
SH069   0          SH209 436.423      SH349  40.6795     SH489 441.429
SH070   0          SH210   0          SH350   0          SH490 537.143
SH071 338.729      SH211   0          SH351   0          SH491 183.511
SH072   6.87916    SH212   0          SH352 396.571      SH492  39.3634
SH073 345.834      SH213 436.857      SH353   0          SH493   0
SH074   0          SH214   0          SH354   0          SH494  64.9048
SH075   0          SH215   0          SH355   0          SH495 136.333
SH076  64.9008     SH216   0          SH356 186.22       SH496   0
SH077 176.86       SH217 205.84       SH357   0          SH497 450.286
SH078 407.143      SH218   0          SH358   0          SH498 239.48
SH079 195.042      SH219   0          SH359  20.7196     SH499 104.378
SH080 409.429      SH220   0          SH360   0          SH500 425.429
SH081 163.884      SH221 468.286      SH361 417.429      SH501 420.571
SH082 288.762      SH222   2.78749    SH362 419.429      SH502   0
SH083   0          SH223 409.143      SH363   0          SH503   0
SH084   0          SH224 442.571      SH364   0          SH504   0
SH085   0          SH225 403.874      SH365 259.804      SH505   0
SH086   0          SH226 418.857      SH366 197.702      SH506   0
SH087 430          SH227 256.222      SH367 452.286      SH507  98.867
SH088 423.429      SH228   0          SH368   0          SH508 415.95
SH089   0          SH229   0          SH369 378          SH509   0
SH090 474.571      SH230  69.6662     SH370   0          SH510   0
SH091   0          SH231   0          SH371   0          SH511 398
SH092   0          SH232 418.972      SH372 273.751      SH512  30.4036
SH093 284.527      SH233 448.571      SH373 416.571      SH513 327.342
SH094 307.216      SH234 405.143      SH374   0          SH514 396.857
SH095 422.286      SH235 470.857      SH375   0          SH515   0
SH096 452.571      SH236 496.857      SH376  24.0941     SH516 425.143
SH097   0          SH237   0          SH377 148.671      SH517   0
SH098   0          SH238 396.465      SH378 422.571      SH518   0
SH099   0          SH239 109.914      SH379 254.092      SH519   0
SH100   0          SH240 107.109      SH380   0          SH520 123.142
SH101   0          SH241 418.571      SH381  17.8297     SH521 231.57
SH102   0          SH242   0          SH382   0          SH522  54.1516
SH103   0          SH243   0          SH383   0          SH523 134.922
SH104   0          SH244 241.934      SH384 504.571      SH524  96.5308
SH105 418          SH245   0          SH385   0          SH525 152.446
SH106 201.096      SH246   0          SH386   0          SH526   0
SH107   1.4354     SH247 422          SH387   0          SH527 258.751
SH108   0          SH248  78.5367     SH388   0.215179   SH528   0
SH109   0          SH249 405.429      SH389   0          SH529   0
SH110 417.143      SH250   0          SH390   0          SH530   0
SH111   0          SH251   0          SH391 127.685      SH531   0
SH112   0          SH252   0          SH392   0          SH532 475.429
SH113 454.286      SH253 381.143      SH393   0          SH533   0
SH114   0          SH254 479.429      SH394   0          SH534 406.286
SH115   0          SH255 202.693      SH395 448.376      SH535 440.571
SH116 199.755      SH256 434.286      SH396   0          SH536  31.9008
SH117  20.5311     SH257   0          SH397   0          SH537 280.044
SH118 293.557      SH258   0          SH398   0          SH538   0
SH119   0          SH259   0          SH399 442.857      SH539   0
SH120   0          SH260   1.93737    SH400   0          SH540 170.324
SH121 508.286      SH261 409.143      SH401   0          SH541   3.88484
SH122   0          SH262 411.143      SH402  43.8644     SH542   0
SH123   0          SH263   0          SH403   0          SH543 332.093
SH124   0          SH264   0          SH404   0          SH544   0
SH125   0          SH265 413.143      SH405   0          SH545   0
SH126  75.602      SH266   0          SH406   0          SH546 275.725
SH127 381.295      SH267   0          SH407 437.429      SH547   0
SH128   0          SH268   0          SH408   0          SH548   0
SH129   0          SH269 429.429      SH409   0          SH549  61.0804
SH130  93.6652     SH270  76.1212     SH410 262.168      SH550   0
SH131  54.726      SH271   0          SH411 399.904      SH551   0
SH132   0          SH272   0          SH412  87.6778     SH552 181.33
SH133 134.866      SH273 267.014      SH413   0          SH553   0
SH134 490.286      SH274 119.008      SH414   0          SH554   0
SH135   0          SH275   0          SH415 438.286      SH555   0
SH136   0          SH276 279.884      SH416   0          SH556 423.143
SH137   0          SH277 422.857      SH417 482          SH557 470.286
SH138   0          SH278   0          SH418 343.171
SH139   0          SH279  18.8891     SH419 289.92
SH140   0          SH280   0          SH420  89.7077
;

